#
# A fatal error has been detected by the Java Runtime Environment:
#
#  EXCEPTION_ACCESS_VIOLATION (0xc0000005) at pc=0x0000000054d32868, pid=2420, tid=10296
#
# JRE version: Java(TM) SE Runtime Environment (8.0_72-b15) (build 1.8.0_72-b15)
# Java VM: Java HotSpot(TM) 64-Bit Server VM (25.72-b15 mixed mode windows-amd64 compressed oops)
# Problematic frame:
# C  [jdwp.dll+0x22868]
#
# Failed to write core dump. Minidumps are not enabled by default on client versions of Windows
#
# If you would like to submit a bug report, please visit:
#   http://bugreport.java.com/bugreport/crash.jsp
# The crash happened outside the Java Virtual Machine in native code.
# See problematic frame for where to report the bug.
#

---------------  T H R E A D  ---------------

Current thread (0x000000001a30c000):  JavaThread "JDWP Command Reader" daemon [_thread_in_native, id=10296, stack(0x000000001ab70000,0x000000001ac70000)]

siginfo: ExceptionCode=0xc0000005, reading address 0x0000000000000000

Registers:
RAX=0x0000000054d3f5a0, RBX=0x000000000000000c, RCX=0x0000000000000000, RDX=0x0000000000000028
RSP=0x000000001ac6f400, RBP=0x0000000054d391a8, RSI=0x0000000000000004, RDI=0x0000000054cf33c0
R8 =0x000000001ac6f468, R9 =0x7efefefefefeff6b, R10=0x81010101010100f8, R11=0x8101010101010100
R12=0x000000001a30c420, R13=0x000000001a30c7f8, R14=0x0000000000000000, R15=0x0000000054d39198
RIP=0x0000000054d32868, EFLAGS=0x0000000000010206

Top of Stack: (sp=0x000000001ac6f400)
0x000000001ac6f400:   000000001ac6f428 0000000000000018
0x000000001ac6f410:   0000000000000000 00007ffd00000000
0x000000001ac6f420:   0000000000002714 0000000054cf23c0
0x000000001ac6f430:   0000000000000001 0000000000000020
0x000000001ac6f440:   0000000000000000 0000000000000370
0x000000001ac6f450:   0000000054cf33c0 0000000054cf108e
0x000000001ac6f460:   000000000000000c 000000001ac6f478
0x000000001ac6f470:   0000000000000004 00007ffd9dd6f5c0
0x000000001ac6f480:   7075727265746e49 636e756620646574
0x000000001ac6f490:   6c6163206e6f6974 000000000000006c
0x000000001ac6f4a0:   0000000054d39198 0000000000000000
0x000000001ac6f4b0:   0000451af9aae573 000000001a30c420
0x000000001ac6f4c0:   0000000000000314 00007ffd9cc1b1bd
0x000000001ac6f4d0:   0000000000002714 00000000011d5180
0x000000001ac6f4e0:   0000000000000004 000000001ac6f524
0x000000001ac6f4f0:   000000001ac6f588 0000000000000000 

Instructions: (pc=0x0000000054d32868)
0x0000000054d32848:   83 ec 50 48 63 d1 85 c9 75 07 33 c0 e9 84 00 00
0x0000000054d32858:   00 48 8b 05 88 d4 00 00 4c 8d 44 24 68 48 8b 08
0x0000000054d32868:   48 8b 01 ff 90 68 01 00 00 8b f8 85 c0 74 61 8b
0x0000000054d32878:   c8 e8 72 ca fe ff 48 8b d8 ff 15 a9 49 00 00 c7 


Register to memory mapping:

RAX=0x0000000054d3f5a0 is an unknown value
RBX=0x000000000000000c is an unknown value
RCX=0x0000000000000000 is an unknown value
RDX=0x0000000000000028 is an unknown value
RSP=0x000000001ac6f400 is pointing into the stack for thread: 0x000000001a30c000
RBP=0x0000000054d391a8 is an unknown value
RSI=0x0000000000000004 is an unknown value
RDI=0x0000000054cf33c0 is an unknown value
R8 =0x000000001ac6f468 is pointing into the stack for thread: 0x000000001a30c000
R9 =0x7efefefefefeff6b is an unknown value
R10=0x81010101010100f8 is an unknown value
R11=0x8101010101010100 is an unknown value
R12=0x000000001a30c420 is an unknown value
R13=0x000000001a30c7f8 is an unknown value
R14=0x0000000000000000 is an unknown value
R15=0x0000000054d39198 is an unknown value


Stack: [0x000000001ab70000,0x000000001ac70000],  sp=0x000000001ac6f400,  free space=1021k
Native frames: (J=compiled Java code, j=interpreted, Vv=VM code, C=native code)
C  [jdwp.dll+0x22868]
C  [dt_socket.dll+0x108e]
C  [dt_socket.dll+0x15f6]
C  [jdwp.dll+0x1fa11]
C  [jdwp.dll+0xecf6]
V  [jvm.dll+0x1bba58]
V  [jvm.dll+0x243434]
V  [jvm.dll+0x29a27a]
C  [msvcr100.dll+0x21d9f]
C  [msvcr100.dll+0x21e3b]
C  [KERNEL32.DLL+0x8364]
C  [ntdll.dll+0x65e91]


---------------  P R O C E S S  ---------------

Java Threads: ( => current thread )
  0x000000001b988000 JavaThread "Thread-2" daemon [_thread_in_native, id=248, stack(0x0000000021460000,0x0000000021560000)]
  0x0000000003292800 JavaThread "DestroyJavaVM" [_thread_blocked, id=8172, stack(0x0000000003190000,0x0000000003290000)]
  0x000000001b9cb800 JavaThread "Thread-0" [_thread_blocked, id=13672, stack(0x0000000021360000,0x0000000021460000)]
  0x000000001b961800 JavaThread "AWT-EventQueue-0" [_thread_in_vm, id=8988, stack(0x00000000205c0000,0x00000000206c0000)]
  0x000000001b8f0800 JavaThread "AWT-Windows" daemon [_thread_in_native, id=2908, stack(0x000000001c0c0000,0x000000001c1c0000)]
  0x000000001b8ef800 JavaThread "AWT-Shutdown" [_thread_blocked, id=11096, stack(0x000000001bfc0000,0x000000001c0c0000)]
  0x000000001b8c0800 JavaThread "Java2D Disposer" daemon [_thread_blocked, id=9980, stack(0x000000001be10000,0x000000001bf10000)]
  0x000000001a340000 JavaThread "Service Thread" daemon [_thread_blocked, id=12280, stack(0x000000001b070000,0x000000001b170000)]
  0x000000001a32b800 JavaThread "C1 CompilerThread3" daemon [_thread_blocked, id=6744, stack(0x000000001af70000,0x000000001b070000)]
  0x000000001a327800 JavaThread "C2 CompilerThread2" daemon [_thread_blocked, id=11940, stack(0x000000001ae70000,0x000000001af70000)]
  0x000000001a327000 JavaThread "C2 CompilerThread1" daemon [_thread_blocked, id=3640, stack(0x000000001ad70000,0x000000001ae70000)]
  0x000000001a31d000 JavaThread "C2 CompilerThread0" daemon [_thread_blocked, id=1692, stack(0x000000001ac70000,0x000000001ad70000)]
=>0x000000001a30c000 JavaThread "JDWP Command Reader" daemon [_thread_in_native, id=10296, stack(0x000000001ab70000,0x000000001ac70000)]
  0x000000001a30a800 JavaThread "JDWP Event Helper Thread" daemon [_thread_blocked, id=1132, stack(0x000000001aa70000,0x000000001ab70000)]
  0x000000001a2fe800 JavaThread "JDWP Transport Listener: dt_socket" daemon [_thread_in_vm, id=3092, stack(0x000000001a970000,0x000000001aa70000)]
  0x000000001a2f8800 JavaThread "Attach Listener" daemon [_thread_blocked, id=10184, stack(0x000000001a870000,0x000000001a970000)]
  0x000000001a2aa800 JavaThread "Signal Dispatcher" daemon [_thread_blocked, id=11912, stack(0x000000001a770000,0x000000001a870000)]
  0x000000001a290800 JavaThread "Finalizer" daemon [_thread_blocked, id=992, stack(0x000000001a670000,0x000000001a770000)]
  0x0000000003389000 JavaThread "Reference Handler" daemon [_thread_blocked, id=6372, stack(0x000000001a170000,0x000000001a270000)]

Other Threads:
  0x0000000018399800 VMThread [stack: 0x000000001a070000,0x000000001a170000] [id=3144]

VM state:synchronizing (normal execution)

VM Mutex/Monitor currently owned by a thread:  ([mutex/lock_event])
[0x0000000002d5e620] Threads_lock - owner thread: 0x0000000018399800

Heap:
 PSYoungGen      total 38400K, used 16938K [0x00000000d5900000, 0x00000000d8380000, 0x0000000100000000)
  eden space 33280K, 50% used [0x00000000d5900000,0x00000000d698ab50,0x00000000d7980000)
  from space 5120K, 0% used [0x00000000d7e80000,0x00000000d7e80000,0x00000000d8380000)
  to   space 5120K, 0% used [0x00000000d7980000,0x00000000d7980000,0x00000000d7e80000)
 ParOldGen       total 87552K, used 0K [0x0000000080a00000, 0x0000000085f80000, 0x00000000d5900000)
  object space 87552K, 0% used [0x0000000080a00000,0x0000000080a00000,0x0000000085f80000)
 Metaspace       used 10221K, capacity 10362K, committed 10496K, reserved 1058816K
  class space    used 1211K, capacity 1258K, committed 1280K, reserved 1048576K

Card table byte_map: [0x0000000012750000,0x0000000012b50000] byte_map_base: 0x000000001234b000

Marking Bits: (ParMarkBitMap*) 0x0000000057c70600
 Begin Bits: [0x0000000013600000, 0x00000000155d8000)
 End Bits:   [0x00000000155d8000, 0x00000000175b0000)

Polling page: 0x0000000002d10000

CodeCache: size=245760Kb used=2329Kb max_used=2336Kb free=243430Kb
 bounds [0x0000000003390000, 0x0000000003600000, 0x0000000012390000]
 total_blobs=955 nmethods=520 adapters=356
 compilation: enabled

Compilation events (10 events):
Event: 0.516 Thread 0x000000001a32b800 nmethod 516 0x00000000035cfb90 code [0x00000000035cfce0, 0x00000000035cfe30]
Event: 0.516 Thread 0x000000001a32b800  517       3       java.util.Vector::elementData (7 bytes)
Event: 0.516 Thread 0x000000001a32b800 nmethod 517 0x00000000035cfe90 code [0x00000000035cffe0, 0x00000000035d0150]
Event: 0.521 Thread 0x000000001a32b800  518   !   3       sun.awt.AppContext::get (123 bytes)
Event: 0.521 Thread 0x000000001a32b800 nmethod 518 0x00000000035d0890 code [0x00000000035d0a40, 0x00000000035d1368]
Event: 0.537 Thread 0x000000001a327000  519       4       sun.java2d.loops.GraphicsPrimitiveMgr$2::compare (39 bytes)
Event: 0.538 Thread 0x000000001a327000 nmethod 519 0x00000000035d8850 code [0x00000000035d89a0, 0x00000000035d8ad8]
Event: 0.538 Thread 0x000000001a32b800  520       3       com.github.yjcpaj4.play_with_us.InputManager$InputQueue::isPressed (44 bytes)
Event: 0.539 Thread 0x000000001a32b800 nmethod 520 0x00000000035d7710 code [0x00000000035d7900, 0x00000000035d8318]
Event: 0.539 Thread 0x000000001a32b800  521       3       java.util.logging.LogManager$LoggerContext::ensureDefaultLogger (70 bytes)

GC Heap History (0 events):
No events

Deoptimization events (5 events):
Event: 0.232 Thread 0x0000000003292800 Uncommon trap: reason=null_check action=make_not_entrant pc=0x00000000035001a4 method=java.lang.String.equals(Ljava/lang/Object;)Z @ 8
Event: 0.433 Thread 0x0000000003292800 Uncommon trap: reason=unstable_if action=reinterpret pc=0x0000000003535074 method=java.lang.String.indexOf([CII[CIII)I @ 134
Event: 0.454 Thread 0x0000000003292800 Uncommon trap: reason=unstable_if action=reinterpret pc=0x0000000003531a0c method=java.lang.String.startsWith(Ljava/lang/String;I)Z @ 25
Event: 0.459 Thread 0x0000000003292800 Uncommon trap: reason=unstable_if action=reinterpret pc=0x00000000035a9fdc method=java.lang.AbstractStringBuilder.append(Ljava/lang/String;)Ljava/lang/AbstractStringBuilder; @ 1
Event: 0.460 Thread 0x0000000003292800 Uncommon trap: reason=unstable_if action=reinterpret pc=0x000000000358d550 method=java.lang.AbstractStringBuilder.append(Ljava/lang/String;)Ljava/lang/AbstractStringBuilder; @ 1

Internal exceptions (10 events):
Event: 0.137 Thread 0x0000000003292800 Exception <a 'java/io/FileNotFoundException'> (0x00000000d59faec8) thrown at [C:\re\workspace\8-2-build-windows-amd64-cygwin\jdk8u72\5732\hotspot\src\share\vm\prims\jni.cpp, line 709]
Event: 0.175 Thread 0x0000000003292800 Exception <a 'java/lang/NoSuchFieldError': method resolution failed> (0x00000000d5c14f90) thrown at [C:\re\workspace\8-2-build-windows-amd64-cygwin\jdk8u72\5732\hotspot\src\share\vm\prims\methodHandles.cpp, line 1146]
Event: 0.177 Thread 0x0000000003292800 Exception <a 'java/lang/NoSuchFieldError': method resolution failed> (0x00000000d5c22360) thrown at [C:\re\workspace\8-2-build-windows-amd64-cygwin\jdk8u72\5732\hotspot\src\share\vm\prims\methodHandles.cpp, line 1146]
Event: 0.232 Thread 0x0000000003292800 Implicit null exception at 0x00000000034fff25 to 0x0000000003500195
Event: 0.384 Thread 0x0000000003292800 Exception <a 'java/io/FileNotFoundException'> (0x00000000d646c5e8) thrown at [C:\re\workspace\8-2-build-windows-amd64-cygwin\jdk8u72\5732\hotspot\src\share\vm\prims\jni.cpp, line 709]
Event: 0.459 Thread 0x0000000003292800 Implicit null exception at 0x00000000035a9b59 to 0x00000000035a9fc1
Event: 0.460 Thread 0x0000000003292800 Implicit null exception at 0x000000000358d119 to 0x000000000358d539
Event: 0.494 Thread 0x0000000003292800 Exception <a 'java/io/FileNotFoundException'> (0x00000000d65d72e8) thrown at [C:\re\workspace\8-2-build-windows-amd64-cygwin\jdk8u72\5732\hotspot\src\share\vm\prims\jni.cpp, line 709]
Event: 0.494 Thread 0x0000000003292800 Exception <a 'java/lang/NullPointerException'> (0x00000000d65d7990) thrown at [C:\re\workspace\8-2-build-windows-amd64-cygwin\jdk8u72\5732\hotspot\src\share\vm\interpreter\linkResolver.cpp, line 1178]
Event: 0.539 Thread 0x000000001b9cb800 Exception <a 'java/lang/InterruptedException'> (0x00000000d67a9708) thrown at [C:\re\workspace\8-2-build-windows-amd64-cygwin\jdk8u72\5732\hotspot\src\share\vm\runtime\objectMonitor.cpp, line 1495]

Events (10 events):
Event: 0.539 loading class java/util/IdentityHashMap$KeySet done
Event: 0.539 loading class java/util/IdentityHashMap$KeyIterator
Event: 0.539 loading class java/util/IdentityHashMap$KeyIterator done
Event: 0.539 Thread 0x000000001b988000 Thread added: 0x000000001b988000
Event: 0.539 Thread 0x000000001b9cf000 Thread added: 0x000000001b9cf000
Event: 0.539 Thread 0x000000001b9d0000 Thread added: 0x000000001b9d0000
Event: 0.539 Thread 0x000000001b9d0000 Thread exited: 0x000000001b9d0000
Event: 0.539 loading class sun/java2d/pipe/hw/AccelDeviceEventNotifier
Event: 0.539 loading class sun/java2d/pipe/hw/AccelDeviceEventNotifier done
Event: 0.539 Thread 0x000000001b9cf000 Thread exited: 0x000000001b9cf000


Dynamic libraries:
0x00007ff6d7640000 - 0x00007ff6d7677000 	C:\Program Files\Java\jdk1.8.0_72\bin\java.exe
0x00007ffd9dd10000 - 0x00007ffd9dee1000 	C:\WINDOWS\SYSTEM32\ntdll.dll
0x00007ffd9d520000 - 0x00007ffd9d5cb000 	C:\WINDOWS\System32\KERNEL32.DLL
0x00007ffd9aa20000 - 0x00007ffd9ac3d000 	C:\WINDOWS\System32\KERNELBASE.dll
0x00007ffd9dc60000 - 0x00007ffd9dd02000 	C:\WINDOWS\System32\ADVAPI32.dll
0x00007ffd9ce20000 - 0x00007ffd9cebe000 	C:\WINDOWS\System32\msvcrt.dll
0x00007ffd9cec0000 - 0x00007ffd9cf19000 	C:\WINDOWS\System32\sechost.dll
0x00007ffd9b470000 - 0x00007ffd9b591000 	C:\WINDOWS\System32\RPCRT4.dll
0x00007ffd9d1f0000 - 0x00007ffd9d355000 	C:\WINDOWS\System32\USER32.dll
0x00007ffd9a2b0000 - 0x00007ffd9a2ce000 	C:\WINDOWS\System32\win32u.dll
0x00007ffd9d670000 - 0x00007ffd9d6a4000 	C:\WINDOWS\System32\GDI32.dll
0x00007ffd9b0c0000 - 0x00007ffd9b242000 	C:\WINDOWS\System32\gdi32full.dll
0x00007ffd92110000 - 0x00007ffd9238a000 	C:\WINDOWS\WinSxS\amd64_microsoft.windows.common-controls_6595b64144ccf1df_6.0.14393.351_none_4213128bc687e6d3\COMCTL32.dll
0x00007ffd9cf20000 - 0x00007ffd9d1e7000 	C:\WINDOWS\System32\combase.dll
0x00007ffd9af60000 - 0x00007ffd9b055000 	C:\WINDOWS\System32\ucrtbase.dll
0x00007ffd9a9b0000 - 0x00007ffd9aa1a000 	C:\WINDOWS\System32\bcryptPrimitives.dll
0x00007ffd9db60000 - 0x00007ffd9db8e000 	C:\WINDOWS\System32\IMM32.DLL
0x0000000057380000 - 0x0000000057452000 	C:\Program Files\Java\jdk1.8.0_72\jre\bin\msvcr100.dll
0x0000000057460000 - 0x0000000057cf0000 	C:\Program Files\Java\jdk1.8.0_72\jre\bin\server\jvm.dll
0x00007ffd9db50000 - 0x00007ffd9db58000 	C:\WINDOWS\System32\PSAPI.DLL
0x00007ffd84cc0000 - 0x00007ffd84cc9000 	C:\WINDOWS\SYSTEM32\WSOCK32.dll
0x00007ffd98520000 - 0x00007ffd98543000 	C:\WINDOWS\SYSTEM32\WINMM.dll
0x00007ffd960f0000 - 0x00007ffd960fa000 	C:\WINDOWS\SYSTEM32\VERSION.dll
0x00007ffd9cc10000 - 0x00007ffd9cc7a000 	C:\WINDOWS\System32\WS2_32.dll
0x0000000002d60000 - 0x0000000002d8b000 	C:\WINDOWS\SYSTEM32\WINMMBASE.dll
0x00007ffd9b250000 - 0x00007ffd9b292000 	C:\WINDOWS\System32\cfgmgr32.dll
0x0000000057330000 - 0x000000005733f000 	C:\Program Files\Java\jdk1.8.0_72\jre\bin\verify.dll
0x0000000057300000 - 0x0000000057329000 	C:\Program Files\Java\jdk1.8.0_72\jre\bin\java.dll
0x0000000054d10000 - 0x0000000054d45000 	C:\Program Files\Java\jdk1.8.0_72\jre\bin\jdwp.dll
0x0000000054d00000 - 0x0000000054d08000 	C:\Program Files\Java\jdk1.8.0_72\jre\bin\npt.dll
0x00000000572e0000 - 0x00000000572f6000 	C:\Program Files\Java\jdk1.8.0_72\jre\bin\zip.dll
0x00007ffd9b700000 - 0x00007ffd9cc09000 	C:\WINDOWS\System32\SHELL32.dll
0x00007ffd9a2d0000 - 0x00007ffd9a9aa000 	C:\WINDOWS\System32\windows.storage.dll
0x00007ffd9a170000 - 0x00007ffd9a1bc000 	C:\WINDOWS\System32\powrprof.dll
0x00007ffd9d4c0000 - 0x00007ffd9d512000 	C:\WINDOWS\System32\shlwapi.dll
0x00007ffd9a1d0000 - 0x00007ffd9a1df000 	C:\WINDOWS\System32\kernel.appcore.dll
0x00007ffd9a200000 - 0x00007ffd9a2a9000 	C:\WINDOWS\System32\shcore.dll
0x00007ffd9a1e0000 - 0x00007ffd9a1f4000 	C:\WINDOWS\System32\profapi.dll
0x0000000054cf0000 - 0x0000000054cf9000 	C:\Program Files\Java\jdk1.8.0_72\jre\bin\dt_socket.dll
0x00007ffd99940000 - 0x00007ffd9999c000 	C:\WINDOWS\system32\mswsock.dll
0x0000000057100000 - 0x0000000057298000 	C:\Program Files\Java\jdk1.8.0_72\jre\bin\awt.dll
0x00007ffd9db90000 - 0x00007ffd9dc4f000 	C:\WINDOWS\System32\OLEAUT32.dll
0x00007ffd9acf0000 - 0x00007ffd9ad8c000 	C:\WINDOWS\System32\msvcp_win.dll
0x00007ffd98720000 - 0x00007ffd9879a000 	C:\WINDOWS\SYSTEM32\apphelp.dll
0x00007ffd97cc0000 - 0x00007ffd97ce6000 	C:\WINDOWS\system32\DWMAPI.DLL
0x00007ffd98900000 - 0x00007ffd98995000 	C:\WINDOWS\system32\uxtheme.dll
0x00007ffd9d360000 - 0x00007ffd9d4bb000 	C:\WINDOWS\System32\MSCTF.dll
0x00007ffd9b330000 - 0x00007ffd9b467000 	C:\WINDOWS\System32\ole32.dll
0x00007ffd721f0000 - 0x00007ffd7237d000 	C:\WINDOWS\system32\d3d9.dll
0x00007ffd6d880000 - 0x00007ffd6e923000 	C:\WINDOWS\System32\DriverStore\FileRepository\nvsawu.inf_amd64_f3d04fce1a45ac4d\nvd3dumx.dll
0x00007ffd95c10000 - 0x00007ffd95d70000 	C:\Program Files (x86)\NVIDIA Corporation\3D Vision\nvSCPAPI64.dll
0x00007ffd9d710000 - 0x00007ffd9db39000 	C:\WINDOWS\System32\SETUPAPI.dll
0x00000000570b0000 - 0x00000000570f7000 	C:\Program Files\Java\jdk1.8.0_72\jre\bin\fontmanager.dll
0x00007ffd8a140000 - 0x00007ffd8a177000 	C:\WINDOWS\system32\IMGSF50Filter_x64.dll
0x0000000058ca0000 - 0x0000000058d43000 	C:\WINDOWS\WinSxS\amd64_microsoft.vc90.crt_1fc8b3b9a1e18e3b_9.0.30729.9247_none_08e394a1a83e212f\MSVCR90.dll
0x0000000058d50000 - 0x0000000058e23000 	C:\WINDOWS\WinSxS\amd64_microsoft.vc90.crt_1fc8b3b9a1e18e3b_9.0.30729.9247_none_08e394a1a83e212f\MSVCP90.dll
0x00007ffd8a010000 - 0x00007ffd8a133000 	C:\WINDOWS\SYSTEM32\Opengl32.dll
0x00007ffd89fc0000 - 0x00007ffd89fed000 	C:\WINDOWS\SYSTEM32\GLU32.dll
0x00007ffd89ec0000 - 0x00007ffd89fb7000 	C:\WINDOWS\SYSTEM32\DDRAW.dll
0x00007ffd8a1b0000 - 0x00007ffd8a1b8000 	C:\WINDOWS\SYSTEM32\DCIMAN32.dll
0x00007ffd8d980000 - 0x00007ffd8db12000 	C:\WINDOWS\SYSTEM32\dbghelp.dll

VM Arguments:
jvm_args: -Xdebug -Xrunjdwp:transport=dt_socket,server=n,address=51852 
java_command: com.github.yjcpaj4.play_with_us.Application
java_class_path (initial): C:\Users\Use\Desktop\play_with_us\target\classes;C:\Users\Use\.m2\repository\com\dropbox\core\dropbox-core-sdk\2.1.2\dropbox-core-sdk-2.1.2.jar;C:\Users\Use\.m2\repository\com\fasterxml\jackson\core\jackson-core\2.7.4\jackson-core-2.7.4.jar;C:\Users\Use\.m2\repository\com\google\code\gson\gson\2.7\gson-2.7.jar;C:\Users\Use\Desktop\play_with_us\lib\play-1.0.1\target\classes;C:\Users\Use\.m2\repository\junit\junit\4.11\junit-4.11.jar;C:\Users\Use\.m2\repository\org\hamcrest\hamcrest-core\1.3\hamcrest-core-1.3.jar;C:\Users\Use\.m2\repository\com\github\axet\mavennatives\0.0.9\mavennatives-0.0.9.jar;C:\Users\Use\.m2\repository\org\apache\commons\commons-lang3\3.1\commons-lang3-3.1.jar;C:\Users\Use\.m2\repository\commons-io\commons-io\2.1\commons-io-2.1.jar;C:\Users\Use\.m2\repository\org\apache\httpcomponents\httpclient\4.1.3\httpclient-4.1.3.jar;C:\Users\Use\.m2\repository\org\apache\httpcomponents\httpcore\4.1.4\httpcore-4.1.4.jar;C:\Users\Use\.m2\repository\commons-logging\commons-logging\1.1.1\commons-logging-1.1.1.jar;C:\Users\Use\.m2\repository\commons-codec\commons-codec\1.4\commons-codec-1.4.jar;C:\Users\Use\.m2\repository\com\thoughtworks\xstream\xstream\1.4.2\xstream-1.4.2.jar;C:\Users\Use\.m2\repository\xmlpull\xmlpull\1.1.3.1\xmlpull-1.1.3.1.jar;C:\Users\Use\.m2\repository\xpp3\xpp3_min\1.1.4c\xpp3_min-1.1.4c.jar;C:\Users\Use\.m2\repository\net\java\dev\jna\jna\3.5.1\jna-3.5.1.jar;C:\Users\Use\.m2\repository\net\java\dev\jna\platform\3.5.1\platform-3.5.1.jar;C:\Users\Use\.m2\repository\com\github\axet\play\libvlc\2.0.6-1\libvlc-2.0.6-1-natives-windows-x86_64.jar
Launcher Type: SUN_STANDARD

Environment Variables:
JAVA_HOME=C:\Program Files\Java\jdk1.8.0_72
PATH=C:\app\Use\product\11.2.0\client_1;D:\app\Use\product\11.2.0\client_1;C:\ProgramData\Oracle\Java\javapath;C:\WINDOWS\system32;C:\WINDOWS;C:\WINDOWS\System32\Wbem;C:\WINDOWS\System32\WindowsPowerShell\v1.0\;C:\Program Files\Common Files\Autodesk Shared\;C:\Program Files (x86)\QuickTime\QTSystem\;C:\WINDOWS\system32\config\systemprofile\.dnx\bin;C:\Program Files\Microsoft DNX\Dnvm\;C:\Program Files (x86)\Windows Kits\8.1\Windows Performance Toolkit\;C:\Program Files\MySQL\MySQL Utilities 1.6\;C:\Program Files (x86)\Lua\5.1;C:\Program Files (x86)\Lua\5.1\clibs;C:\Users\Use\AppData\Local\Microsoft\WindowsApps;
USERNAME=Use
OS=Windows_NT
PROCESSOR_IDENTIFIER=Intel64 Family 6 Model 60 Stepping 3, GenuineIntel



---------------  S Y S T E M  ---------------

OS: Windows 10.0 , 64 bit Build 14393 (10.0.14393.0)

CPU:total 8 (4 cores per cpu, 2 threads per core) family 6 model 60 stepping 3, cmov, cx8, fxsr, mmx, sse, sse2, sse3, ssse3, sse4.1, sse4.2, popcnt, avx, avx2, aes, clmul, erms, lzcnt, ht, tsc, tscinvbit, bmi1, bmi2

Memory: 4k page, physical 8342632k(4189568k free), swap 9653352k(3986108k free)

vm_info: Java HotSpot(TM) 64-Bit Server VM (25.72-b15) for windows-amd64 JRE (1.8.0_72-b15), built on Dec 22 2015 19:16:16 by "java_re" with MS VC++ 10.0 (VS2010)

time: Mon Oct 31 18:59:55 2016
elapsed time: 0 seconds (0d 0h 0m 0s)

